[2025-10-23 14:33:30] DAEMON_START: Taskmaster daemon started with PID 166393
[2025-10-23 14:33:36] PROCESS_RUNNING: 'worker' with pid 166412 entered RUNNING state
[2025-10-23 14:33:37] PROCESS_RUNNING: 'test_output' with pid 166436 entered RUNNING state
[2025-10-23 15:54:05] DAEMON_START: Taskmaster daemon started with PID 197752
[2025-10-23 15:54:11] PROCESS_DIED: 'worker' died unexpectedly with exit code 1
[2025-10-23 15:54:16] PROCESS_DIED: 'worker' died unexpectedly with exit code 1
[2025-10-23 15:56:31] DAEMON_START: Taskmaster daemon started with PID 198727
[2025-10-23 15:56:37] PROCESS_DIED: 'worker' died unexpectedly with exit code 1
[2025-10-23 15:56:42] PROCESS_DIED: 'worker' died unexpectedly with exit code 1
[2025-10-23 15:57:21] DAEMON_START: Taskmaster daemon started with PID 199096
[2025-10-23 15:57:25] PROCESS_EXITED: 'worker' exited with expected code 1
[2025-10-23 15:57:29] PROCESS_EXITED: 'worker' exited with expected code 1
[2025-10-23 15:59:43] DAEMON_START: Taskmaster daemon started with PID 200055
[2025-10-23 16:04:10] DAEMON_START: Taskmaster daemon started with PID 201953
[2025-10-23 16:04:15] PROCESS_EXITED: 'worker' exited with expected code 1
[2025-10-23 16:04:20] DAEMON_START: Taskmaster daemon started with PID 202049
[2025-10-23 16:04:24] PROCESS_EXITED: 'worker' exited with expected code 1
[2025-10-23 16:04:28] PROCESS_EXITED: 'worker' exited with expected code 1
[2025-10-23 16:04:34] DAEMON_START: Taskmaster daemon started with PID 202160
[2025-10-23 16:04:38] PROCESS_EXITED: 'worker' exited with expected code 1
[2025-10-23 16:04:42] PROCESS_EXITED: 'worker' exited with expected code 1
[2025-10-23 16:06:34] DAEMON_START: Taskmaster daemon started with PID 203010
[2025-10-23 16:06:39] PROCESS_EXITED: 'worker' exited with expected code 1
[2025-10-23 16:07:09] DAEMON_START: Taskmaster daemon started with PID 203305
[2025-10-23 16:07:13] PROCESS_EXITED: 'worker' exited with expected code 1
[2025-10-23 16:09:30] PROCESS_DIED: 'worker' died unexpectedly with exit code 1
[2025-10-23 16:09:36] PROCESS_DIED: 'worker' died unexpectedly with exit code 1
[2025-10-23 16:10:11] DAEMON_START: Taskmaster daemon started with PID 204581
[2025-10-23 16:10:18] PROCESS_DIED: 'worker' died unexpectedly with exit code 1
[2025-10-23 16:10:24] PROCESS_DIED: 'worker' died unexpectedly with exit code 1
[2025-10-23 16:10:29] PROCESS_DIED: 'worker' died unexpectedly with exit code 1
[2025-10-23 16:10:47] PROCESS_EXITED: 'worker' exited with expected code 1
[2025-10-23 16:17:12] DAEMON_START: Taskmaster daemon started with PID 207520
[2025-10-23 16:17:17] PROCESS_EXITED: 'worker' exited with expected code 1
[2025-10-23 16:18:35] DAEMON_START: Taskmaster daemon started with PID 208131
[2025-10-23 16:18:41] PROCESS_EXITED: 'worker' exited with expected code 1
[2025-10-23 16:19:52] DAEMON_START: Taskmaster daemon started with PID 208695
[2025-10-23 16:19:56] PROCESS_EXITED: 'worker' exited with expected code 1
[2025-10-24 12:30:08] DAEMON_START: Taskmaster daemon started with PID 5508
[2025-10-24 12:30:13] PROCESS_EXITED: 'worker' exited with expected code 1
[2025-10-24 12:32:35] DAEMON_START: Taskmaster daemon started with PID 8758
[2025-10-24 12:32:41] PROCESS_RUNNING: 'worker' with pid 8759 entered RUNNING state
[2025-10-24 12:32:42] PROCESS_RUNNING: 'test_output' with pid 8790 entered RUNNING state
[2025-10-24 12:33:20] PROCESS_RUNNING: 'test_output' with pid 9001 entered RUNNING state
[2025-10-24 12:33:33] PROCESS_RUNNING: 'test_output' with pid 9070 entered RUNNING state
[2025-10-24 13:28:06] PROCESS_RUNNING: 'test_output' with pid 11042 entered RUNNING state
[2025-10-24 13:28:18] PROCESS_RUNNING: 'test_output' with pid 11102 entered RUNNING state
[2025-10-24 13:29:38] DAEMON_START: Taskmaster daemon started with PID 11647
[2025-10-24 13:29:44] PROCESS_RUNNING: 'worker' with pid 11663 entered RUNNING state
[2025-10-24 13:29:45] PROCESS_RUNNING: 'test_output' with pid 11699 entered RUNNING state
[2025-10-24 13:30:09] PROCESS_RUNNING: 'test_output' with pid 11822 entered RUNNING state
[2025-10-24 13:30:22] PROCESS_RUNNING: 'test_output' with pid 11896 entered RUNNING state
[2025-10-24 13:35:23] PROCESS_RUNNING: 'test_output' with pid 12028 entered RUNNING state
[2025-10-24 13:35:34] PROCESS_RUNNING: 'test_output' with pid 12033 entered RUNNING state
[2025-10-24 13:41:04] DAEMON_START: Taskmaster daemon started with PID 17466
[2025-10-24 13:41:10] PROCESS_DIED: 'worker' died unexpectedly with exit code 1
[2025-10-24 13:41:15] PROCESS_DIED: 'worker' died unexpectedly with exit code 1
[2025-10-24 13:41:23] PROCESS_DIED: 'worker' died unexpectedly with exit code 1
[2025-10-24 13:42:31] PROCESS_DIED: 'worker' died unexpectedly with exit code 1
[2025-10-24 13:42:36] PROCESS_DIED: 'worker' died unexpectedly with exit code 1
[2025-10-24 13:42:41] PROCESS_DIED: 'worker' died unexpectedly with exit code 1
[2025-10-24 13:42:47] PROCESS_DIED: 'test_output' died unexpectedly with exit code 2
[2025-10-24 13:42:52] PROCESS_DIED: 'test_output' died unexpectedly with exit code 2
[2025-10-24 13:42:57] PROCESS_DIED: 'test_output' died unexpectedly with exit code 2
[2025-10-24 13:43:35] DAEMON_START: Taskmaster daemon started with PID 18453
[2025-10-24 13:43:40] PROCESS_DIED: 'worker' died unexpectedly with exit code 2
[2025-10-24 13:43:46] PROCESS_DIED: 'worker' died unexpectedly with exit code 2
[2025-10-24 13:43:51] PROCESS_DIED: 'worker' died unexpectedly with exit code 2
[2025-10-24 13:44:05] PROCESS_EXITED: 'api_00' exited with expected code 2
[2025-10-24 13:44:06] PROCESS_EXITED: 'api_01' exited with expected code 2
[2025-10-24 13:44:09] PROCESS_RUNNING: 'worker' with pid 18653 entered RUNNING state
[2025-10-24 13:44:26] PROCESS_DIED: 'test_output' died unexpectedly with exit code 2
[2025-10-24 13:44:31] PROCESS_DIED: 'test_output' died unexpectedly with exit code 2
[2025-10-24 13:44:36] PROCESS_DIED: 'test_output' died unexpectedly with exit code 2
[2025-10-24 13:45:14] DAEMON_START: Taskmaster daemon started with PID 19144
[2025-10-24 13:45:19] PROCESS_RUNNING: 'worker' with pid 19156 entered RUNNING state
[2025-10-24 13:46:05] PROCESS_RUNNING: 'test_output' with pid 19440 entered RUNNING state
[2025-10-24 13:46:29] PROCESS_RUNNING: 'test_output' with pid 19587 entered RUNNING state
[2025-10-24 13:46:48] PROCESS_RUNNING: 'test_output' with pid 19689 entered RUNNING state
[2025-10-24 14:29:15] DAEMON_START: Taskmaster daemon started with PID 32006
[2025-10-24 14:29:23] PROCESS_RUNNING: 'worker' with pid 32049 entered RUNNING state
[2025-10-24 14:29:33] PROCESS_RUNNING: 'attach' with pid 32119 entered RUNNING state
[2025-10-24 14:29:44] PROCESS_RUNNING: 'attach' with pid 32178 entered RUNNING state
[2025-10-24 14:29:56] PROCESS_RUNNING: 'attach' with pid 32249 entered RUNNING state
[2025-10-24 14:30:12] PROCESS_RUNNING: 'attach' with pid 32344 entered RUNNING state
[2025-10-24 14:30:25] PROCESS_RUNNING: 'attach' with pid 32416 entered RUNNING state
