python3: can't open file '/home/hasabir/42_projects/taskmaster/workdir/../../workdir/api_server.py': [Errno 2] No such file or directory
python3: can't open file '/home/hasabir/42_projects/taskmaster/workdir/../../workdir/api_server.py': [Errno 2] No such file or directory
Address already in use
Port 8089 is in use by another program. Either identify and stop that program, or start the server with a different port.
Address already in use
Port 8089 is in use by another program. Either identify and stop that program, or start the server with a different port.
Address already in use
Port 8089 is in use by another program. Either identify and stop that program, or start the server with a different port.
Address already in use
Port 8089 is in use by another program. Either identify and stop that program, or start the server with a different port.
Address already in use
Port 8089 is in use by another program. Either identify and stop that program, or start the server with a different port.
Address already in use
Port 8089 is in use by another program. Either identify and stop that program, or start the server with a different port.
Address already in use
Port 8089 is in use by another program. Either identify and stop that program, or start the server with a different port.
Address already in use
Port 8089 is in use by another program. Either identify and stop that program, or start the server with a different port.
[31m[1mWARNING: This is a development server. Do not use it in a production deployment. Use a production WSGI server instead.[0m
 * Running on all addresses (0.0.0.0)
 * Running on http://127.0.0.1:8089
 * Running on http://10.0.2.15:8089
[33mPress CTRL+C to quit[0m
Address already in use
Port 8089 is in use by another program. Either identify and stop that program, or start the server with a different port.
Address already in use
Port 8089 is in use by another program. Either identify and stop that program, or start the server with a different port.
Address already in use
Port 8089 is in use by another program. Either identify and stop that program, or start the server with a different port.
Address already in use
Port 8089 is in use by another program. Either identify and stop that program, or start the server with a different port.
